{
  "stats": {
    "suites": 1,
    "tests": 4,
    "passes": 3,
    "pending": 0,
    "failures": 1,
    "start": "2025-05-05T10:49:29.962Z",
    "end": "2025-05-05T10:49:46.466Z",
    "duration": 16504,
    "testsRegistered": 4,
    "passPercent": 75,
    "pendingPercent": 0,
    "other": 0,
    "hasOther": false,
    "skipped": 0,
    "hasSkipped": false
  },
  "results": [
    {
      "uuid": "8d76d410-b959-4a3c-8eeb-b2a741c68f50",
      "title": "",
      "fullFile": "cypress/e2e/Signup.cy.js",
      "file": "cypress/e2e/Signup.cy.js",
      "beforeHooks": [],
      "afterHooks": [],
      "tests": [],
      "suites": [
        {
          "uuid": "1392b502-a7df-4b4c-81f9-0ad4f3343428",
          "title": "Signup Tests",
          "fullFile": "",
          "file": "",
          "beforeHooks": [],
          "afterHooks": [],
          "tests": [
            {
              "title": "Should show error for invalid email format",
              "fullTitle": "Signup Tests Should show error for invalid email format",
              "timedOut": null,
              "duration": 2006,
              "state": "passed",
              "speed": "fast",
              "pass": true,
              "fail": false,
              "pending": false,
              "context": null,
              "code": "signUpWithInvalidEmail();",
              "err": {},
              "uuid": "6257d19f-c75d-4a0c-9dd5-a5f96b528f0b",
              "parentUUID": "1392b502-a7df-4b4c-81f9-0ad4f3343428",
              "isHook": false,
              "skipped": false
            },
            {
              "title": "Should show error for mismatched passwords",
              "fullTitle": "Signup Tests Should show error for mismatched passwords",
              "timedOut": null,
              "duration": 2295,
              "state": "passed",
              "speed": "fast",
              "pass": true,
              "fail": false,
              "pending": false,
              "context": null,
              "code": "signUpWithMismatchedPasswords();",
              "err": {},
              "uuid": "97138536-2f48-4b9e-8003-a6bc2d4828de",
              "parentUUID": "1392b502-a7df-4b4c-81f9-0ad4f3343428",
              "isHook": false,
              "skipped": false
            },
            {
              "title": "Should show error for less 8 char passwords",
              "fullTitle": "Signup Tests Should show error for less 8 char passwords",
              "timedOut": null,
              "duration": 1993,
              "state": "passed",
              "speed": "fast",
              "pass": true,
              "fail": false,
              "pending": false,
              "context": null,
              "code": "signUpWithLess8CharPass();",
              "err": {},
              "uuid": "575f1cab-a78d-42a1-8e82-8f08427c7e01",
              "parentUUID": "1392b502-a7df-4b4c-81f9-0ad4f3343428",
              "isHook": false,
              "skipped": false
            },
            {
              "title": "Should sign up user.",
              "fullTitle": "Signup Tests Should sign up user.",
              "timedOut": null,
              "duration": 9373,
              "state": "failed",
              "speed": null,
              "pass": false,
              "fail": true,
              "pending": false,
              "context": null,
              "code": "signUpUser();",
              "err": {
                "message": "CypressError: Timed out retrying after 4050ms: `cy.click()` failed because this element is `disabled`:\n\n`<button type=\"submit\" class=\"MuiButton-root Mui-disabled MuiButton-fullWidth MuiButton-variantSolid MuiButton-colorPrimary MuiButton-sizeMd css-1lwweyt\" disabled=\"\">...</button>`\n\nFix this problem, or use `{force: true}` to disable error checking.\n\nhttps://on.cypress.io/element-cannot-be-interacted-with",
                "estack": "CypressError: Timed out retrying after 4050ms: `cy.click()` failed because this element is `disabled`:\n\n`<button type=\"submit\" class=\"MuiButton-root Mui-disabled MuiButton-fullWidth MuiButton-variantSolid MuiButton-colorPrimary MuiButton-sizeMd css-1lwweyt\" disabled=\"\">...</button>`\n\nFix this problem, or use `{force: true}` to disable error checking.\n\nhttps://on.cypress.io/element-cannot-be-interacted-with\n    at Object.isNotDisabled (https://app.bike4mind.com/__cypress/runner/cypress_runner.js:144336:58)\n    at runAllChecks (https://app.bike4mind.com/__cypress/runner/cypress_runner.js:112165:26)\n    at retryActionability (https://app.bike4mind.com/__cypress/runner/cypress_runner.js:112254:16)\n    at tryCatcher (https://app.bike4mind.com/__cypress/runner/cypress_runner.js:1807:23)\n    at Promise.attempt.Promise.try (https://app.bike4mind.com/__cypress/runner/cypress_runner.js:4315:29)\n    at whenStable (https://app.bike4mind.com/__cypress/runner/cypress_runner.js:143192:68)\n    at <unknown> (https://app.bike4mind.com/__cypress/runner/cypress_runner.js:143133:14)\n    at tryCatcher (https://app.bike4mind.com/__cypress/runner/cypress_runner.js:1807:23)\n    at Promise._settlePromiseFromHandler (https://app.bike4mind.com/__cypress/runner/cypress_runner.js:1519:31)\n    at Promise._settlePromise (https://app.bike4mind.com/__cypress/runner/cypress_runner.js:1576:18)\n    at Promise._settlePromise0 (https://app.bike4mind.com/__cypress/runner/cypress_runner.js:1621:10)\n    at Promise._settlePromises (https://app.bike4mind.com/__cypress/runner/cypress_runner.js:1701:18)\n    at Promise._fulfill (https://app.bike4mind.com/__cypress/runner/cypress_runner.js:1645:18)\n    at <unknown> (https://app.bike4mind.com/__cypress/runner/cypress_runner.js:5450:46)\nFrom Your Spec Code:\n    at signUpUser (webpack://my-cypress-project/./cypress/support/Signup.js:33:57)\n    at Context.eval (webpack://my-cypress-project/./cypress/support/Signup.js:100:12)",
                "diff": null
              },
              "uuid": "e1525af6-319c-4ef5-8f37-c9d07d5ea9cd",
              "parentUUID": "1392b502-a7df-4b4c-81f9-0ad4f3343428",
              "isHook": false,
              "skipped": false
            }
          ],
          "suites": [],
          "passes": [
            "6257d19f-c75d-4a0c-9dd5-a5f96b528f0b",
            "97138536-2f48-4b9e-8003-a6bc2d4828de",
            "575f1cab-a78d-42a1-8e82-8f08427c7e01"
          ],
          "failures": [
            "e1525af6-319c-4ef5-8f37-c9d07d5ea9cd"
          ],
          "pending": [],
          "skipped": [],
          "duration": 15667,
          "root": false,
          "rootEmpty": false,
          "_timeout": 2000
        }
      ],
      "passes": [],
      "failures": [],
      "pending": [],
      "skipped": [],
      "duration": 0,
      "root": true,
      "rootEmpty": true,
      "_timeout": 2000
    }
  ],
  "meta": {
    "mocha": {
      "version": "7.0.1"
    },
    "mochawesome": {
      "options": {
        "quiet": false,
        "reportFilename": "mochawesome-[name]",
        "saveHtml": false,
        "saveJson": true,
        "consoleReporter": "spec",
        "useInlineDiffs": false,
        "code": true
      },
      "version": "7.1.3"
    },
    "marge": {
      "options": {
        "reportDir": "/Users/Automation/Documents/B4MCypressAutomation/cypress/reports",
        "overwrite": false,
        "html": false,
        "json": true,
        "timestamp": true,
        "reportFilename": "mochawesome-[name]",
        "charts": true,
        "embeddedScreenshots": true
      },
      "version": "6.2.0"
    }
  }
}