{
  "stats": {
    "suites": 1,
    "tests": 3,
    "passes": 3,
    "pending": 0,
    "failures": 0,
    "start": "2025-05-05T10:48:49.111Z",
    "end": "2025-05-05T10:49:23.749Z",
    "duration": 34638,
    "testsRegistered": 3,
    "passPercent": 100,
    "pendingPercent": 0,
    "other": 0,
    "hasOther": false,
    "skipped": 0,
    "hasSkipped": false
  },
  "results": [
    {
      "uuid": "388c3c18-3b38-450f-8c61-29624b5ab9dd",
      "title": "",
      "fullFile": "cypress/e2e/Projects.cy.js",
      "file": "cypress/e2e/Projects.cy.js",
      "beforeHooks": [],
      "afterHooks": [],
      "tests": [],
      "suites": [
        {
          "uuid": "7a2635b1-857a-4da5-a107-9a3916eb2b10",
          "title": "Project Operations",
          "fullFile": "",
          "file": "",
          "beforeHooks": [],
          "afterHooks": [],
          "tests": [
            {
              "title": "Should create a new project",
              "fullTitle": "Project Operations Should create a new project",
              "timedOut": null,
              "duration": 11258,
              "state": "passed",
              "speed": "slow",
              "pass": true,
              "fail": false,
              "pending": false,
              "context": null,
              "code": "createProject(projectName);",
              "err": {},
              "uuid": "75c91d0a-023a-4f95-ad47-39c2934d7b8f",
              "parentUUID": "7a2635b1-857a-4da5-a107-9a3916eb2b10",
              "isHook": false,
              "skipped": false
            },
            {
              "title": "Should rename a project",
              "fullTitle": "Project Operations Should rename a project",
              "timedOut": null,
              "duration": 11541,
              "state": "passed",
              "speed": "slow",
              "pass": true,
              "fail": false,
              "pending": false,
              "context": null,
              "code": "renameProject(oldName, newName);",
              "err": {},
              "uuid": "339e60a3-03d3-42d1-9269-637c1141a91a",
              "parentUUID": "7a2635b1-857a-4da5-a107-9a3916eb2b10",
              "isHook": false,
              "skipped": false
            },
            {
              "title": "Should delete a project",
              "fullTitle": "Project Operations Should delete a project",
              "timedOut": null,
              "duration": 10771,
              "state": "passed",
              "speed": "slow",
              "pass": true,
              "fail": false,
              "pending": false,
              "context": null,
              "code": "deleteProject(projectName);",
              "err": {},
              "uuid": "f1c77e59-f86d-401c-a0fb-2aa35dd78257",
              "parentUUID": "7a2635b1-857a-4da5-a107-9a3916eb2b10",
              "isHook": false,
              "skipped": false
            }
          ],
          "suites": [],
          "passes": [
            "75c91d0a-023a-4f95-ad47-39c2934d7b8f",
            "339e60a3-03d3-42d1-9269-637c1141a91a",
            "f1c77e59-f86d-401c-a0fb-2aa35dd78257"
          ],
          "failures": [],
          "pending": [],
          "skipped": [],
          "duration": 33570,
          "root": false,
          "rootEmpty": false,
          "_timeout": 2000
        }
      ],
      "passes": [],
      "failures": [],
      "pending": [],
      "skipped": [],
      "duration": 0,
      "root": true,
      "rootEmpty": true,
      "_timeout": 2000
    }
  ],
  "meta": {
    "mocha": {
      "version": "7.0.1"
    },
    "mochawesome": {
      "options": {
        "quiet": false,
        "reportFilename": "mochawesome-[name]",
        "saveHtml": false,
        "saveJson": true,
        "consoleReporter": "spec",
        "useInlineDiffs": false,
        "code": true
      },
      "version": "7.1.3"
    },
    "marge": {
      "options": {
        "reportDir": "/Users/Automation/Documents/B4MCypressAutomation/cypress/reports",
        "overwrite": false,
        "html": false,
        "json": true,
        "timestamp": true,
        "reportFilename": "mochawesome-[name]",
        "charts": true,
        "embeddedScreenshots": true
      },
      "version": "6.2.0"
    }
  }
}